<?xml version="1.0" encoding="UTF-8"?>
<!-- Generated by org.testng.reporters.JUnitXMLReporter -->
<testsuite ignored="0" hostname="Manpreets-MacBook-Air.local" failures="0" tests="8" name="Default test" time="51.244" errors="0" timestamp="2026-04-12T21:17:58 EDT">
  <testcase classname="internetherokuapptests.FormAuthTest" name="dragAndDrop" time="0.876"/>
  <testcase classname="internetherokuapptests.FormAuthTest" name="dropdownfunc" time="0.642"/>
  <testcase classname="internetherokuapptests.FormAuthTest" name="jsAlerts" time="1.029"/>
  <testcase classname="internetherokuapptests.FormAuthTest" name="jsConfirmAcceptAlert" time="0.907"/>
  <testcase classname="internetherokuapptests.FormAuthTest" name="jsConfirmCancelAlert" time="0.954"/>
  <testcase classname="internetherokuapptests.FormAuthTest" name="jsPromptAcceptAlert" time="1.115"/>
  <testcase classname="internetherokuapptests.FormAuthTest" name="jsPromptCancelAlert" time="1.157"/>
  <testcase classname="internetherokuapptests.FormAuthTest" name="loginSuccesTest" time="1.841"/>
</testsuite> <!-- Default test -->
