<?xml version="1.0" encoding="UTF-8"?>
<!-- Generated by org.testng.reporters.JUnitXMLReporter -->
<testsuite ignored="8" hostname="Manpreets-MacBook-Air.local" failures="0" tests="1" name="Default test" time="8.398" errors="0" timestamp="2026-06-02T17:29:13 EDT">
  <testcase classname="internetherokuapptests.FormAuthTest" name="dragAndDrop" time="0.642"/>
  <testcase classname="internetherokuapptests.FormAuthTest" name="jsPromptCancelAlert" time="0.0">
    <ignored/>
  </testcase> <!-- jsPromptCancelAlert -->
  <testcase classname="internetherokuapptests.FormAuthTest" name="jsAlerts" time="0.0">
    <ignored/>
  </testcase> <!-- jsAlerts -->
  <testcase classname="internetherokuapptests.FormAuthTest" name="dropdownfunc" time="0.0">
    <ignored/>
  </testcase> <!-- dropdownfunc -->
  <testcase classname="internetherokuapptests.FormAuthTest" name="excelData" time="0.0">
    <ignored/>
  </testcase> <!-- excelData -->
  <testcase classname="internetherokuapptests.FormAuthTest" name="jsConfirmCancelAlert" time="0.0">
    <ignored/>
  </testcase> <!-- jsConfirmCancelAlert -->
  <testcase classname="internetherokuapptests.FormAuthTest" name="jsConfirmAcceptAlert" time="0.0">
    <ignored/>
  </testcase> <!-- jsConfirmAcceptAlert -->
  <testcase classname="internetherokuapptests.FormAuthTest" name="loginSuccesTest" time="0.0">
    <ignored/>
  </testcase> <!-- loginSuccesTest -->
  <testcase classname="internetherokuapptests.FormAuthTest" name="jsPromptAcceptAlert" time="0.0">
    <ignored/>
  </testcase> <!-- jsPromptAcceptAlert -->
</testsuite> <!-- Default test -->
