<?xml version="1.0" encoding="UTF-8"?>
<!-- Generated by org.testng.reporters.JUnitXMLReporter -->
<testsuite ignored="3" hostname="Manpreets-MacBook-Air.local" failures="0" tests="7" name="Test" time="42.449" errors="0" timestamp="2026-04-17T18:18:34 EDT">
  <testcase classname="internetherokuapptests.FormAuthTest" name="dragAndDrop" time="0.672"/>
  <testcase classname="internetherokuapptests.FormAuthTest" name="jsAlerts" time="0.738"/>
  <testcase classname="internetherokuapptests.FormAuthTest" name="jsConfirmAcceptAlert" time="0.501"/>
  <testcase classname="internetherokuapptests.FormAuthTest" name="jsConfirmCancelAlert" time="0.49"/>
  <testcase classname="internetherokuapptests.FormAuthTest" name="jsPromptAcceptAlert" time="0.589"/>
  <testcase classname="internetherokuapptests.FormAuthTest" name="jsPromptCancelAlert" time="0.862"/>
  <testcase classname="internetherokuapptests.FormAuthTest" name="loginSuccesTest" time="1.947"/>
  <testcase classname="internetherokuapptests.BaseTest" name="@AfterSuite tearDown" time="0.0">
    <ignored/>
  </testcase> <!-- @AfterSuite tearDown -->
  <testcase classname="internetherokuapptests.BaseTest" name="@BeforeSuite initialise" time="0.0">
    <ignored/>
  </testcase> <!-- @BeforeSuite initialise -->
  <testcase classname="internetherokuapptests.FormAuthTest" name="dropdownfunc" time="0.0">
    <ignored/>
  </testcase> <!-- dropdownfunc -->
</testsuite> <!-- Test -->
