<?xml version="1.0" encoding="UTF-8"?>
<testng-results ignored="0" total="3" passed="3" failed="0" skipped="0">
  <reporter-output>
  </reporter-output>
  <suite started-at="2026-04-12T21:00:27 EDT" name="Default suite" finished-at="2026-04-12T21:00:47 EDT" duration-ms="19584">
    <groups>
    </groups>
    <test started-at="2026-04-12T21:00:27 EDT" name="Default test" finished-at="2026-04-12T21:00:47 EDT" duration-ms="19584">
      <class name="internetherokuapptests.FormAuthTest">
        <test-method is-config="true" signature="initialise()[pri:0, instance:internetherokuapptests.FormAuthTest@2a3b5b47]" started-at="2026-04-12T21:00:26 EDT" name="initialise" finished-at="2026-04-12T21:00:27 EDT" duration-ms="533" status="PASS">
          <reporter-output>
          </reporter-output>
        </test-method> <!-- initialise -->
        <test-method is-config="true" signature="preReq(java.lang.reflect.Method)[pri:0, instance:internetherokuapptests.FormAuthTest@2a3b5b47]" started-at="2026-04-12T21:00:27 EDT" name="preReq" finished-at="2026-04-12T21:00:33 EDT" duration-ms="5659" status="PASS">
          <params>
            <param index="0">
              <value>
                <![CDATA[public void internetherokuapptests.FormAuthTest.dragAndDrop()]]>
              </value>
            </param>
          </params>
          <reporter-output>
          </reporter-output>
        </test-method> <!-- preReq -->
        <test-method signature="dragAndDrop()[pri:0, instance:internetherokuapptests.FormAuthTest@2a3b5b47]" started-at="2026-04-12T21:00:33 EDT" name="dragAndDrop" finished-at="2026-04-12T21:00:34 EDT" duration-ms="1325" status="PASS">
          <reporter-output>
          </reporter-output>
        </test-method> <!-- dragAndDrop -->
        <test-method is-config="true" signature="endTest()[pri:0, instance:internetherokuapptests.FormAuthTest@2a3b5b47]" started-at="2026-04-12T21:00:34 EDT" name="endTest" finished-at="2026-04-12T21:00:34 EDT" duration-ms="333" status="PASS">
          <reporter-output>
          </reporter-output>
        </test-method> <!-- endTest -->
        <test-method is-config="true" signature="preReq(java.lang.reflect.Method)[pri:0, instance:internetherokuapptests.FormAuthTest@2a3b5b47]" started-at="2026-04-12T21:00:34 EDT" name="preReq" finished-at="2026-04-12T21:00:39 EDT" duration-ms="4664" status="PASS">
          <params>
            <param index="0">
              <value>
                <![CDATA[public void internetherokuapptests.FormAuthTest.dropdownfunc()]]>
              </value>
            </param>
          </params>
          <reporter-output>
          </reporter-output>
        </test-method> <!-- preReq -->
        <test-method signature="dropdownfunc()[pri:0, instance:internetherokuapptests.FormAuthTest@2a3b5b47]" started-at="2026-04-12T21:00:39 EDT" name="dropdownfunc" finished-at="2026-04-12T21:00:40 EDT" duration-ms="670" status="PASS">
          <reporter-output>
          </reporter-output>
        </test-method> <!-- dropdownfunc -->
        <test-method is-config="true" signature="endTest()[pri:0, instance:internetherokuapptests.FormAuthTest@2a3b5b47]" started-at="2026-04-12T21:00:40 EDT" name="endTest" finished-at="2026-04-12T21:00:40 EDT" duration-ms="268" status="PASS">
          <reporter-output>
          </reporter-output>
        </test-method> <!-- endTest -->
        <test-method is-config="true" signature="preReq(java.lang.reflect.Method)[pri:0, instance:internetherokuapptests.FormAuthTest@2a3b5b47]" started-at="2026-04-12T21:00:40 EDT" name="preReq" finished-at="2026-04-12T21:00:44 EDT" duration-ms="4343" status="PASS">
          <params>
            <param index="0">
              <value>
                <![CDATA[public void internetherokuapptests.FormAuthTest.loginSuccesTest()]]>
              </value>
            </param>
          </params>
          <reporter-output>
          </reporter-output>
        </test-method> <!-- preReq -->
        <test-method signature="loginSuccesTest()[pri:0, instance:internetherokuapptests.FormAuthTest@2a3b5b47]" started-at="2026-04-12T21:00:44 EDT" name="loginSuccesTest" finished-at="2026-04-12T21:00:46 EDT" duration-ms="2016" status="PASS">
          <reporter-output>
          </reporter-output>
        </test-method> <!-- loginSuccesTest -->
        <test-method is-config="true" signature="endTest()[pri:0, instance:internetherokuapptests.FormAuthTest@2a3b5b47]" started-at="2026-04-12T21:00:46 EDT" name="endTest" finished-at="2026-04-12T21:00:47 EDT" duration-ms="209" status="PASS">
          <reporter-output>
          </reporter-output>
        </test-method> <!-- endTest -->
        <test-method is-config="true" signature="tearDown()[pri:0, instance:internetherokuapptests.FormAuthTest@2a3b5b47]" started-at="2026-04-12T21:00:47 EDT" name="tearDown" finished-at="2026-04-12T21:00:48 EDT" duration-ms="1026" status="PASS">
          <reporter-output>
          </reporter-output>
        </test-method> <!-- tearDown -->
      </class> <!-- internetherokuapptests.FormAuthTest -->
    </test> <!-- Default test -->
  </suite> <!-- Default suite -->
</testng-results>
