<?xml version="1.0" encoding="UTF-8"?>
<testng-results ignored="0" total="1" passed="1" failed="0" skipped="0">
  <reporter-output>
  </reporter-output>
  <suite started-at="2026-04-10T15:33:39 EDT" name="Default suite" finished-at="2026-04-10T15:33:55 EDT" duration-ms="15358">
    <groups>
    </groups>
    <test started-at="2026-04-10T15:33:39 EDT" name="Default test" finished-at="2026-04-10T15:33:55 EDT" duration-ms="15358">
      <class name="internetherokuapptests.JSAlertTest">
        <test-method is-config="true" signature="preReq()[pri:0, instance:internetherokuapptests.JSAlertTest@5876a9af]" started-at="2026-04-10T15:33:39 EDT" name="preReq" finished-at="2026-04-10T15:33:54 EDT" duration-ms="14613" status="PASS">
          <reporter-output>
          </reporter-output>
        </test-method> <!-- preReq -->
        <test-method signature="jsPromptAcceptAlert()[pri:0, instance:internetherokuapptests.JSAlertTest@5876a9af]" started-at="2026-04-10T15:33:54 EDT" name="jsPromptAcceptAlert" finished-at="2026-04-10T15:33:55 EDT" duration-ms="683" status="PASS">
          <reporter-output>
          </reporter-output>
        </test-method> <!-- jsPromptAcceptAlert -->
      </class> <!-- internetherokuapptests.JSAlertTest -->
    </test> <!-- Default test -->
  </suite> <!-- Default suite -->
</testng-results>
