<?xml version="1.0" encoding="UTF-8"?>
<!-- Generated by org.testng.reporters.JUnitReportReporter -->
<testsuite hostname="Manpreets-MacBook-Air.local" failures="0" tests="4" name="internetherokuapptests.FormAuthTest" time="16.866" errors="0" timestamp="2026-05-19T18:39:21 EDT" skipped="0">
  <testcase classname="internetherokuapptests.FormAuthTest" name="excelData" time="4.299"/>
  <testcase classname="internetherokuapptests.FormAuthTest" name="excelData" time="3.896"/>
  <testcase classname="internetherokuapptests.FormAuthTest" name="excelData" time="3.720"/>
  <testcase classname="internetherokuapptests.FormAuthTest" name="excelData" time="4.951"/>
</testsuite> <!-- internetherokuapptests.FormAuthTest -->
