<?xml version="1.0" encoding="UTF-8"?>
<!-- Generated by org.testng.reporters.JUnitReportReporter -->
<testsuite hostname="Manpreets-MacBook-Air.local" failures="0" tests="3" name="internetherokuapptests.FormAuthTest" time="19.487" errors="0" timestamp="2026-04-12T21:00:48 EDT" skipped="0">
  <testcase classname="internetherokuapptests.FormAuthTest" name="dragAndDrop" time="5.877"/>
  <testcase classname="internetherokuapptests.FormAuthTest" name="dropdownfunc" time="5.667"/>
  <testcase classname="internetherokuapptests.FormAuthTest" name="loginSuccesTest" time="7.943"/>
</testsuite> <!-- internetherokuapptests.FormAuthTest -->
